# JRE version: OpenJDK Runtime Environment (8.0_152-b01) (build 1.8.0_152-release-915-b01)
# Java VM: OpenJDK 64-Bit Server VM (25.152-b01 mixed mode windows-amd64 compressed oops)
Heap:
 PSYoungGen      total 308224K, used 139165K [0x00000000e0000000, 0x00000000f8d00000, 0x0000000100000000)
  eden space 231424K, 48% used [0x00000000e0000000,0x00000000e6d6d638,0x00000000ee200000)
  from space 76800K, 35% used [0x00000000f4200000,0x00000000f5c7a138,0x00000000f8d00000)
  to   space 87552K, 0% used [0x00000000ee200000,0x00000000ee200000,0x00000000f3780000)
 ParOldGen       total 294400K, used 188725K [0x00000000a0000000, 0x00000000b1f80000, 0x00000000e0000000)
  object space 294400K, 64% used [0x00000000a0000000,0x00000000ab84d450,0x00000000b1f80000)
 Metaspace       used 85224K, capacity 91658K, committed 91736K, reserved 1128448K
  class space    used 10654K, capacity 11860K, committed 11864K, reserved 1048576K
GC Heap History (10 events):
Event: 2949.914 GC heap before
{Heap before GC invocations=40 (full 4):
 PSYoungGen      total 342528K, used 327875K [0x00000000e0000000, 0x00000000fb700000, 0x0000000100000000)
  eden space 273408K, 94% used [0x00000000e0000000,0x00000000efd1d940,0x00000000f0b00000)
  from space 69120K, 99% used [0x00000000f1480000,0x00000000f5793548,0x00000000f5800000)
  to   space 88064K, 0% used [0x00000000f6100000,0x00000000f6100000,0x00000000fb700000)
 ParOldGen       total 294400K, used 188685K [0x00000000a0000000, 0x00000000b1f80000, 0x00000000e0000000)
  object space 294400K, 64% used [0x00000000a0000000,0x00000000ab843450,0x00000000b1f80000)
 Metaspace       used 83140K, capacity 87540K, committed 87896K, reserved 1126400K
  class space    used 10329K, capacity 11229K, committed 11352K, reserved 1048576K
Event: 2949.935 GC heap after
Heap after GC invocations=40 (full 4):
 PSYoungGen      total 343040K, used 49455K [0x00000000e0000000, 0x00000000fae00000, 0x0000000100000000)
  eden space 264192K, 0% used [0x00000000e0000000,0x00000000e0000000,0x00000000f0200000)
  from space 78848K, 62% used [0x00000000f6100000,0x00000000f914bec0,0x00000000fae00000)
  to   space 88064K, 0% used [0x00000000f0200000,0x00000000f0200000,0x00000000f5800000)
 ParOldGen       total 294400K, used 188693K [0x00000000a0000000, 0x00000000b1f80000, 0x00000000e0000000)
  object space 294400K, 64% used [0x00000000a0000000,0x00000000ab845450,0x00000000b1f80000)
 Metaspace       used 83140K, capacity 87540K, committed 87896K, reserved 1126400K
  class space    used 10329K, capacity 11229K, committed 11352K, reserved 1048576K
}
Event: 3072.005 GC heap before
{Heap before GC invocations=41 (full 4):
 PSYoungGen      total 343040K, used 313647K [0x00000000e0000000, 0x00000000fae00000, 0x0000000100000000)
  eden space 264192K, 100% used [0x00000000e0000000,0x00000000f0200000,0x00000000f0200000)
  from space 78848K, 62% used [0x00000000f6100000,0x00000000f914bec0,0x00000000fae00000)
  to   space 88064K, 0% used [0x00000000f0200000,0x00000000f0200000,0x00000000f5800000)
 ParOldGen       total 294400K, used 188693K [0x00000000a0000000, 0x00000000b1f80000, 0x00000000e0000000)
  object space 294400K, 64% used [0x00000000a0000000,0x00000000ab845450,0x00000000b1f80000)
 Metaspace       used 83874K, capacity 89250K, committed 89432K, reserved 1126400K
  class space    used 10471K, capacity 11492K, committed 11608K, reserved 1048576K
Event: 3072.018 GC heap after
Heap after GC invocations=41 (full 4):
 PSYoungGen      total 283648K, used 27992K [0x00000000e0000000, 0x00000000f9e80000, 0x0000000100000000)
  eden space 255488K, 0% used [0x00000000e0000000,0x00000000e0000000,0x00000000ef980000)
  from space 28160K, 99% used [0x00000000f0200000,0x00000000f1d56168,0x00000000f1d80000)
  to   space 84480K, 0% used [0x00000000f4c00000,0x00000000f4c00000,0x00000000f9e80000)
 ParOldGen       total 294400K, used 188701K [0x00000000a0000000, 0x00000000b1f80000, 0x00000000e0000000)
  object space 294400K, 64% used [0x00000000a0000000,0x00000000ab847450,0x00000000b1f80000)
 Metaspace       used 83874K, capacity 89250K, committed 89432K, reserved 1126400K
  class space    used 10471K, capacity 11492K, committed 11608K, reserved 1048576K
}
Event: 3081.049 GC heap before
{Heap before GC invocations=42 (full 4):
 PSYoungGen      total 283648K, used 260730K [0x00000000e0000000, 0x00000000f9e80000, 0x0000000100000000)
  eden space 255488K, 91% used [0x00000000e0000000,0x00000000ee348a40,0x00000000ef980000)
  from space 28160K, 99% used [0x00000000f0200000,0x00000000f1d56168,0x00000000f1d80000)
  to   space 84480K, 0% used [0x00000000f4c00000,0x00000000f4c00000,0x00000000f9e80000)
 ParOldGen       total 294400K, used 188701K [0x00000000a0000000, 0x00000000b1f80000, 0x00000000e0000000)
  object space 294400K, 64% used [0x00000000a0000000,0x00000000ab847450,0x00000000b1f80000)
 Metaspace       used 84488K, capacity 90604K, committed 90840K, reserved 1128448K
  class space    used 10588K, capacity 11707K, committed 11736K, reserved 1048576K
Event: 3081.074 GC heap after
Heap after GC invocations=42 (full 4):
 PSYoungGen      total 331776K, used 68973K [0x00000000e0000000, 0x00000000fa580000, 0x0000000100000000)
  eden space 247296K, 0% used [0x00000000e0000000,0x00000000e0000000,0x00000000ef180000)
  from space 84480K, 81% used [0x00000000f4c00000,0x00000000f8f5b668,0x00000000f9e80000)
  to   space 92160K, 0% used [0x00000000ef180000,0x00000000ef180000,0x00000000f4b80000)
 ParOldGen       total 294400K, used 188709K [0x00000000a0000000, 0x00000000b1f80000, 0x00000000e0000000)
  object space 294400K, 64% used [0x00000000a0000000,0x00000000ab849450,0x00000000b1f80000)
 Metaspace       used 84488K, capacity 90604K, committed 90840K, reserved 1128448K
  class space    used 10588K, capacity 11707K, committed 11736K, reserved 1048576K
}
Event: 4742.510 GC heap before
{Heap before GC invocations=43 (full 4):
 PSYoungGen      total 331776K, used 311454K [0x00000000e0000000, 0x00000000fa580000, 0x0000000100000000)
  eden space 247296K, 98% used [0x00000000e0000000,0x00000000eeccc4c0,0x00000000ef180000)
  from space 84480K, 81% used [0x00000000f4c00000,0x00000000f8f5b668,0x00000000f9e80000)
  to   space 92160K, 0% used [0x00000000ef180000,0x00000000ef180000,0x00000000f4b80000)
 ParOldGen       total 294400K, used 188709K [0x00000000a0000000, 0x00000000b1f80000, 0x00000000e0000000)
  object space 294400K, 64% used [0x00000000a0000000,0x00000000ab849450,0x00000000b1f80000)
 Metaspace       used 84748K, capacity 90876K, committed 91096K, reserved 1128448K
  class space    used 10590K, capacity 11709K, committed 11736K, reserved 1048576K
Event: 4742.535 GC heap after
Heap after GC invocations=43 (full 4):
 PSYoungGen      total 288256K, used 48925K [0x00000000e0000000, 0x00000000f9a80000, 0x0000000100000000)
  eden space 239104K, 0% used [0x00000000e0000000,0x00000000e0000000,0x00000000ee980000)
  from space 49152K, 99% used [0x00000000ef180000,0x00000000f21476a0,0x00000000f2180000)
  to   space 90624K, 0% used [0x00000000f4200000,0x00000000f4200000,0x00000000f9a80000)
 ParOldGen       total 294400K, used 188717K [0x00000000a0000000, 0x00000000b1f80000, 0x00000000e0000000)
  object space 294400K, 64% used [0x00000000a0000000,0x00000000ab84b450,0x00000000b1f80000)
 Metaspace       used 84748K, capacity 90876K, committed 91096K, reserved 1128448K
  class space    used 10590K, capacity 11709K, committed 11736K, reserved 1048576K
}
Event: 5940.115 GC heap before
{Heap before GC invocations=44 (full 4):
 PSYoungGen      total 288256K, used 288029K [0x00000000e0000000, 0x00000000f9a80000, 0x0000000100000000)
  eden space 239104K, 100% used [0x00000000e0000000,0x00000000ee980000,0x00000000ee980000)
  from space 49152K, 99% used [0x00000000ef180000,0x00000000f21476a0,0x00000000f2180000)
  to   space 90624K, 0% used [0x00000000f4200000,0x00000000f4200000,0x00000000f9a80000)
 ParOldGen       total 294400K, used 188717K [0x00000000a0000000, 0x00000000b1f80000, 0x00000000e0000000)
  object space 294400K, 64% used [0x00000000a0000000,0x00000000ab84b450,0x00000000b1f80000)
 Metaspace       used 84805K, capacity 90980K, committed 91096K, reserved 1128448K
  class space    used 10600K, capacity 11721K, committed 11736K, reserved 1048576K
Event: 5940.136 GC heap after
Heap after GC invocations=44 (full 4):
 PSYoungGen      total 308224K, used 27112K [0x00000000e0000000, 0x00000000f8d00000, 0x0000000100000000)
  eden space 231424K, 0% used [0x00000000e0000000,0x00000000e0000000,0x00000000ee200000)
  from space 76800K, 35% used [0x00000000f4200000,0x00000000f5c7a138,0x00000000f8d00000)
  to   space 87552K, 0% used [0x00000000ee200000,0x00000000ee200000,0x00000000f3780000)
 ParOldGen       total 294400K, used 188725K [0x00000000a0000000, 0x00000000b1f80000, 0x00000000e0000000)
  object space 294400K, 64% used [0x00000000a0000000,0x00000000ab84d450,0x00000000b1f80000)
 Metaspace       used 84805K, capacity 90980K, committed 91096K, reserved 1128448K
  class space    used 10600K, capacity 11721K, committed 11736K, reserved 1048576K
}

